Determining if the pthread_create exist failed with the following output:
Change Dir: /home/borg/Robotica-16-2/build/CMakeFiles/CMakeTmp

Run Build Command:/usr/bin/make "cmTryCompileExec4062428247/fast"
/usr/bin/make -f CMakeFiles/cmTryCompileExec4062428247.dir/build.make CMakeFiles/cmTryCompileExec4062428247.dir/build
make[1]: Entrando no diretório `/home/borg/Robotica-16-2/build/CMakeFiles/CMakeTmp'
/usr/bin/cmake -E cmake_progress_report /home/borg/Robotica-16-2/build/CMakeFiles/CMakeTmp/CMakeFiles 1
Building C object CMakeFiles/cmTryCompileExec4062428247.dir/CheckSymbolExists.c.o
/usr/bin/cc    -o CMakeFiles/cmTryCompileExec4062428247.dir/CheckSymbolExists.c.o   -c /home/borg/Robotica-16-2/build/CMakeFiles/CMakeTmp/CheckSymbolExists.c
Linking C executable cmTryCompileExec4062428247
/usr/bin/cmake -E cmake_link_script CMakeFiles/cmTryCompileExec4062428247.dir/link.txt --verbose=1
/usr/bin/cc       CMakeFiles/cmTryCompileExec4062428247.dir/CheckSymbolExists.c.o  -o cmTryCompileExec4062428247 -rdynamic 
CMakeFiles/cmTryCompileExec4062428247.dir/CheckSymbolExists.c.o: na função `main':
CheckSymbolExists.c:(.text+0x16): referência indefinida para `pthread_create'
collect2: error: ld returned 1 exit status
make[1]: ** [cmTryCompileExec4062428247] Erro 1
make[1]: Saindo do diretório `/home/borg/Robotica-16-2/build/CMakeFiles/CMakeTmp'
make: ** [cmTryCompileExec4062428247/fast] Erro 2

File /home/borg/Robotica-16-2/build/CMakeFiles/CMakeTmp/CheckSymbolExists.c:
/* */
#include <pthread.h>

int main(int argc, char** argv)
{
  (void)argv;
#ifndef pthread_create
  return ((int*)(&pthread_create))[argc];
#else
  (void)argc;
  return 0;
#endif
}

Determining if the function pthread_create exists in the pthreads failed with the following output:
Change Dir: /home/borg/Robotica-16-2/build/CMakeFiles/CMakeTmp

Run Build Command:/usr/bin/make "cmTryCompileExec3489485754/fast"
/usr/bin/make -f CMakeFiles/cmTryCompileExec3489485754.dir/build.make CMakeFiles/cmTryCompileExec3489485754.dir/build
make[1]: Entrando no diretório `/home/borg/Robotica-16-2/build/CMakeFiles/CMakeTmp'
/usr/bin/cmake -E cmake_progress_report /home/borg/Robotica-16-2/build/CMakeFiles/CMakeTmp/CMakeFiles 1
Building C object CMakeFiles/cmTryCompileExec3489485754.dir/CheckFunctionExists.c.o
/usr/bin/cc   -DCHECK_FUNCTION_EXISTS=pthread_create   -o CMakeFiles/cmTryCompileExec3489485754.dir/CheckFunctionExists.c.o   -c /usr/share/cmake-2.8/Modules/CheckFunctionExists.c
Linking C executable cmTryCompileExec3489485754
/usr/bin/cmake -E cmake_link_script CMakeFiles/cmTryCompileExec3489485754.dir/link.txt --verbose=1
/usr/bin/cc   -DCHECK_FUNCTION_EXISTS=pthread_create    CMakeFiles/cmTryCompileExec3489485754.dir/CheckFunctionExists.c.o  -o cmTryCompileExec3489485754 -rdynamic -lpthreads 
/usr/bin/ld: não foi possível encontrar -lpthreads
collect2: error: ld returned 1 exit status
make[1]: ** [cmTryCompileExec3489485754] Erro 1
make[1]: Saindo do diretório `/home/borg/Robotica-16-2/build/CMakeFiles/CMakeTmp'
make: ** [cmTryCompileExec3489485754/fast] Erro 2


